<?xml version="1.0" encoding="UTF-8"?>
<testsuite xmlns:xsi="http://www.w3.org/2001/XMLSchema-instance" xsi:noNamespaceSchemaLocation="https://maven.apache.org/surefire/maven-surefire-plugin/xsd/surefire-test-report.xsd" name="tests.MyRunner" time="8.609" tests="4" errors="0" skipped="0" failures="0">
  <properties>
[...]
</properties>
  <testcase name="[1.1:15] Task One([tests/case2/Tasks] Test Automation Case Study 2 " classname="API)" time="4.601"/>
  <testcase name="[2:18] Task Two([tests/case2/Tasks] Test Automation Case Study 2 " classname="API)" time="0.044"/>
  <testcase name="[3:32] Task Three([tests/case2/Tasks] Test Automation Case Study 2 " classname="API)" time="0.762"/>
  <testcase name="[4:78] Task Four Run Scenario([tests/case2/Tasks] Test Automation Case Study 2 " classname="API)" time="0.632"/>
</testsuite>